|V| = 5000, |E| = 24935, |S| = 1229, s = 60.

*** iteration 1, batch size 60, remaining 1169.
>>>>>>>>>>>>>>>>>>>>>>>>>>>>>>>>>>>>>>>>>>>>>>>>>>>>>>>>>>>>|s
<<<<<<<<<<<<<<<<<<<<<<<<<<<<<<<<<<<<<<<<<<<<<<<<<<<<<<<<<<<<|
averages: distance 5.535788367586451, diameter 11.
average of averages: distance 5.535788367586451, diameter 11.

*** iteration 2, batch size 60, remaining 1109.
>>>>>>>>>>>>>>>>>>>>>>>>>>>>>>>>>>>>>>>>>>>>>>>>>>>>>>>>>>>>|s
<<<<<<<<<<<<<<<<<<<<<<<<<<<<<<<<<<<<<<<<<<<<<<<<<<<<<<<<<<<<|
averages: distance 5.514015120500014, diameter 11.
average of averages: distance 5.524901744043232, diameter 11.

*** iteration 3, batch size 60, remaining 1049.
>>>>>>>>>>>>>>>>>>>>>>>>>>>>>>>>>>>>>>>>>>>>>>>>>>>>>>>>>>>>|s
<<<<<<<<<<<<<<<<<<<<<<<<<<<<<<<<<<<<<<<<<<<<<<<<<<<<<<<<<<<<|
averages: distance 5.340688883430224, diameter 10.
average of averages: distance 5.46349745717223, diameter 10.666666666666666.

*** iteration 4, batch size 60, remaining 989.
>>>>>>>>>>>>>>>>>>>>>>>>>>>>>>>>>>>>>>>>>>>>>>>>>>>>>>>>>>>>|s
<<<<<<<<<<<<<<<<<<<<<<<<<<<<<<<<<<<<<<<<<<<<<<<<<<<<<<<<<<<<|
averages: distance 5.4033615136876, diameter 11.
average of averages: distance 5.448463471301072, diameter 10.75.

*** iteration 5, batch size 60, remaining 929.
>>>>>>>>>>>>>>>>>>>>>>>>>>>>>>>>>>>>>>>>>>>>>>>>>>>>>>>>>>>>|s
<<<<<<<<<<<<<<<<<<<<<<<<<<<<<<<<<<<<<<<<<<<<<<<<<<<<<<<<<<<<|
averages: distance 5.424828904991949, diameter 10.
average of averages: distance 5.443736558039247, diameter 10.6.

*** iteration 6, batch size 60, remaining 869.
>>>>>>>>>>>>>>>>>>>>>>>>>>>>>>>>>>>>>>>>>>>>>>>>>>>>>>>>>>>>|s
<<<<<<<<<<<<<<<<<<<<<<<<<<<<<<<<<<<<<<<<<<<<<<<<<<<<<<<<<<<<|
averages: distance 5.552610037573806, diameter 11.
average of averages: distance 5.461882137961673, diameter 10.666666666666666.

*** iteration 7, batch size 60, remaining 809.
>>>>>>>>>>>>>>>>>>>>>>>>>>>>>>>>>>>>>>>>>>>>>>>>>>>>>>>>>>>>|s
<<<<<<<<<<<<<<<<<<<<<<<<<<<<<<<<<<<<<<<<<<<<<<<<<<<<<<<<<<<<|
averages: distance 5.439647643221703, diameter 11.
average of averages: distance 5.4587057815702495, diameter 10.714285714285714.

*** iteration 8, batch size 60, remaining 749.
>>>>>>>>>>>>>>>>>>>>>>>>>>>>>>>>>>>>>>>>>>>>>>>>>>>>>>>>>>>>|s
<<<<<<<<<<<<<<<<<<<<<<<<<<<<<<<<<<<<<<<<<<<<<<<<<<<<<<<<<<<<|
averages: distance 5.437047101449275, diameter 10.
average of averages: distance 5.455998446555127, diameter 10.625.

*** iteration 9, batch size 60, remaining 689.
>>>>>>>>>>>>>>>>>>>>>>>>>>>>>>>>>>>>>>>>>>>>>>>>>>>>>>>>>>>>|s
<<<<<<<<<<<<<<<<<<<<<<<<<<<<<<<<<<<<<<<<<<<<<<<<<<<<<<<<<<<<|
averages: distance 5.398967183075129, diameter 10.
average of averages: distance 5.4496616395017945, diameter 10.555555555555555.

*** iteration 10, batch size 60, remaining 629.
>>>>>>>>>>>>>>>>>>>>>>>>>>>>>>>>>>>>>>>>>>>>>>>>>>>>>>>>>>>>|s
<<<<<<<<<<<<<<<<<<<<<<<<<<<<<<<<<<<<<<<<<<<<<<<<<<<<<<<<<<<<|
averages: distance 5.508853327965647, diameter 11.
average of averages: distance 5.455580808348179, diameter 10.6.

*** iteration 11, batch size 60, remaining 569.
>>>>>>>>>>>>>>>>>>>>>>>>>>>>>>>>>>>>>>>>>>>>>>>>>>>>>>>>>>>>|s
<<<<<<<<<<<<<<<<<<<<<<<<<<<<<<<<<<<<<<<<<<<<<<<<<<<<<<<<<<<<|
averages: distance 5.477469363246813, diameter 11.
average of averages: distance 5.457570676975328, diameter 10.636363636363637.

*** iteration 12, batch size 60, remaining 509.
>>>>>>>>>>>>>>>>>>>>>>>>>>>>>>>>>>>>>>>>>>>>>>>>>>>>>>>>>>>>|s
<<<<<<<<<<<<<<<<<<<<<<<<<<<<<<<<<<<<<<<<<<<<<<<<<<<<<<<<<<<<|
averages: distance 5.395031535158346, diameter 11.
average of averages: distance 5.452359081823913, diameter 10.666666666666666.

*** iteration 13, batch size 60, remaining 449.
>>>>>>>>>>>>>>>>>>>>>>>>>>>>>>>>>>>>>>>>>>>>>>>>>>>>>>>>>>>>|s
<<<<<<<<<<<<<<<<<<<<<<<<<<<<<<<<<<<<<<<<<<<<<<<<<<<<<<<<<<<<|
averages: distance 5.485070553235623, diameter 11.
average of averages: distance 5.454875348855582, diameter 10.692307692307692.

*** iteration 14, batch size 60, remaining 389.
>>>>>>>>>>>>>>>>>>>>>>>>>>>>>>>>>>>>>>>>>>>>>>>>>>>>>>>>>>>>|s
<<<<<<<<<<<<<<<<<<<<<<<<<<<<<<<<<<<<<<<<<<<<<<<<<<<<<<<<<<<<|
averages: distance 5.486319222686209, diameter 11.
average of averages: distance 5.457121339843484, diameter 10.714285714285714.

*** iteration 15, batch size 60, remaining 329.
>>>>>>>>>>>>>>>>>>>>>>>>>>>>>>>>>>>>>>>>>>>>>>>>>>>>>>>>>>>>|s
<<<<<<<<<<<<<<<<<<<<<<<<<<<<<<<<<<<<<<<<<<<<<<<<<<<<<<<<<<<<|
averages: distance 5.512345679012346, diameter 11.
average of averages: distance 5.460802962454741, diameter 10.733333333333333.

*** iteration 16, batch size 60, remaining 269.
>>>>>>>>>>>>>>>>>>>>>>>>>>>>>>>>>>>>>>>>>>>>>>>>>>>>>>>>>>>>|s
<<<<<<<<<<<<<<<<<<<<<<<<<<<<<<<<<<<<<<<<<<<<<<<<<<<<<<<<<<<<|
averages: distance 5.492552334943639, diameter 10.
average of averages: distance 5.462787298235297, diameter 10.6875.

*** iteration 17, batch size 60, remaining 209.
>>>>>>>>>>>>>>>>>>>>>>>>>>>>>>>>>>>>>>>>>>>>>>>>>>>>>>>>>>>>|s
<<<<<<<<<<<<<<<<<<<<<<<<<<<<<<<<<<<<<<<<<<<<<<<<<<<<<<<<<<<<|
averages: distance 5.483584943639292, diameter 12.
average of averages: distance 5.464010689141414, diameter 10.764705882352942.

*** iteration 18, batch size 60, remaining 149.
>>>>>>>>>>>>>>>>>>>>>>>>>>>>>>>>>>>>>>>>>>>>>>>>>>>>>>>>>>>>|s
<<<<<<<<<<<<<<<<<<<<<<<<<<<<<<<<<<<<<<<<<<<<<<<<<<<<<<<<<<<<|
averages: distance 5.4877555337208985, diameter 10.
average of averages: distance 5.465329847173608, diameter 10.722222222222221.

*** iteration 19, batch size 60, remaining 89.
>>>>>>>>>>>>>>>>>>>>>>>>>>>>>>>>>>>>>>>>>>>>>>>>>>>>>>>>>>>>|s
<<<<<<<<<<<<<<<<<<<<<<<<<<<<<<<<<<<<<<<<<<<<<<<<<<<<<<<<<<<<|
averages: distance 5.496383521202362, diameter 10.
average of averages: distance 5.466964251069858, diameter 10.68421052631579.

*** iteration 20, batch size 60, remaining 29.
>>>>>>>>>>>>>>>>>>>>>>>>>>>>>>>>>>>>>>>>>>>>>>>>>>>>>>>>>>>>|s
<<<<<<<<<<<<<<<<<<<<<<<<<<<<<<<<<<<<<<<<<<<<<<<<<<<<<<<<<<<<|
averages: distance 5.462087359098229, diameter 11.
average of averages: distance 5.466720406471277, diameter 10.7.

*** iteration 21, batch size 29, remaining 0.
>>>>>>>>>>>>>>>>>>>>>>>>>>>>>|s
<<<<<<<<<<<<<<<<<<<<<<<<<<<<<|
averages: distance 5.409795102448776, diameter 10.
average of averages: distance 5.4640096777083, diameter 10.666666666666666.
